<?xml version="1.0" encoding="UTF-8" ?>
<testsuite errors="0" failures="0" hostname="Georgenes-PC" name="processotap.ProcessoTests" tests="1" time="2.362" timestamp="2011-12-13T04:27:57">
  <properties />
  <testcase classname="processotap.ProcessoTests" name="testCompleto" time="2.349" />
  <system-out><![CDATA[--Output from testCompleto--


>>>>>>>>>>>>>>>>>>>> Making request to /processo using method GET >>>>>>>>>>>>>>>>>>>>
Initializing web request settings for http://localhost:8080/processotap/processo
Request parameters:
========================================
========================================
Request headers:
========================================
Accept-Language: en
Accept: */*
========================================
Content of web window [TopLevelWindow[name=""]] changed
<<<<<<<<<<<<<<<<<<<< Received response from GET http://localhost:8080/processotap/processo <<<<<<<<<<<<<<<<<<<<
Response was 200 'OK', headers:
========================================
Server: Apache-Coyote/1.1
Content-Type: application/json;charset=UTF-8
Transfer-Encoding: chunked
Date: Tue, 13 Dec 2011 04:27:59 GMT
========================================
Content
========================================
[]
========================================

#

>>>>>>>>>>>>>>>>>>>> Making request to /documento using method GET >>>>>>>>>>>>>>>>>>>>
Initializing web request settings for http://localhost:8080/processotap/documento
Request parameters:
========================================
========================================
Request headers:
========================================
Accept-Language: en
Accept: */*
========================================
Content of web window [TopLevelWindow[name=""]] changed
<<<<<<<<<<<<<<<<<<<< Received response from GET http://localhost:8080/processotap/documento <<<<<<<<<<<<<<<<<<<<
Response was 200 'OK', headers:
========================================
Server: Apache-Coyote/1.1
Content-Type: application/json;charset=UTF-8
Transfer-Encoding: chunked
Date: Tue, 13 Dec 2011 04:27:59 GMT
========================================
Content
========================================
[]
========================================

#

>>>>>>>>>>>>>>>>>>>> Making request to /processo using method POST >>>>>>>>>>>>>>>>>>>>
Initializing web request settings for http://localhost:8080/processotap/processo
Request parameters:
========================================
========================================
Request headers:
========================================
Accept-Language: en
Content-Type: text/json
Accept: */*
========================================
Content of web window [TopLevelWindow[name=""]] changed
<<<<<<<<<<<<<<<<<<<< Received response from POST http://localhost:8080/processotap/processo <<<<<<<<<<<<<<<<<<<<
Response was 201 'Created', headers:
========================================
Server: Apache-Coyote/1.1
Content-Type: application/json;charset=UTF-8
Transfer-Encoding: chunked
Date: Tue, 13 Dec 2011 04:27:59 GMT
========================================
Content
========================================
{"class":"processotap.Processo","id":1,"autor":"Georgenes","decisao":"procedente","descricao":"o processo tal e tal","documentos":null,"numero":1,"reu":"Joao Bruno"}
========================================

#

>>>>>>>>>>>>>>>>>>>> Making request to /documento using method POST >>>>>>>>>>>>>>>>>>>>
Initializing web request settings for http://localhost:8080/processotap/documento
Request parameters:
========================================
========================================
Request headers:
========================================
Accept-Language: en
Content-Type: text/json
Accept: */*
========================================
Content of web window [TopLevelWindow[name=""]] changed
<<<<<<<<<<<<<<<<<<<< Received response from POST http://localhost:8080/processotap/documento <<<<<<<<<<<<<<<<<<<<
Response was 201 'Created', headers:
========================================
Server: Apache-Coyote/1.1
Content-Type: application/json;charset=UTF-8
Transfer-Encoding: chunked
Date: Tue, 13 Dec 2011 04:27:59 GMT
========================================
Content
========================================
{"class":"processotap.Documento","id":1,"nome":"DesignPatterns","processo":{"class":"Processo","id":1}}
========================================

#

>>>>>>>>>>>>>>>>>>>> Making request to /processo/1 using method GET >>>>>>>>>>>>>>>>>>>>
Initializing web request settings for http://localhost:8080/processotap/processo/1
Request parameters:
========================================
========================================
Request headers:
========================================
Accept-Language: en
Accept: */*
========================================
Content of web window [TopLevelWindow[name=""]] changed
<<<<<<<<<<<<<<<<<<<< Received response from GET http://localhost:8080/processotap/processo/1 <<<<<<<<<<<<<<<<<<<<
Response was 200 'OK', headers:
========================================
Server: Apache-Coyote/1.1
Content-Type: application/json;charset=UTF-8
Transfer-Encoding: chunked
Date: Tue, 13 Dec 2011 04:27:59 GMT
========================================
Content
========================================
{"class":"processotap.Processo","id":1,"autor":"Georgenes","decisao":"procedente","descricao":"o processo tal e tal","documentos":[{"class":"Documento","id":1}],"numero":1,"reu":"Joao Bruno"}
========================================

#

>>>>>>>>>>>>>>>>>>>> Making request to /processo using method GET >>>>>>>>>>>>>>>>>>>>
Initializing web request settings for http://localhost:8080/processotap/processo
Request parameters:
========================================
========================================
Request headers:
========================================
Accept-Language: en
Accept: */*
========================================
Content of web window [TopLevelWindow[name=""]] changed
<<<<<<<<<<<<<<<<<<<< Received response from GET http://localhost:8080/processotap/processo <<<<<<<<<<<<<<<<<<<<
Response was 200 'OK', headers:
========================================
Server: Apache-Coyote/1.1
Content-Type: application/json;charset=UTF-8
Transfer-Encoding: chunked
Date: Tue, 13 Dec 2011 04:27:59 GMT
========================================
Content
========================================
[{"class":"processotap.Processo","id":1,"autor":"Georgenes","decisao":"procedente","descricao":"o processo tal e tal","documentos":[{"class":"Documento","id":1}],"numero":1,"reu":"Joao Bruno"}]
========================================

#

>>>>>>>>>>>>>>>>>>>> Making request to /documento/1 using method GET >>>>>>>>>>>>>>>>>>>>
Initializing web request settings for http://localhost:8080/processotap/documento/1
Request parameters:
========================================
========================================
Request headers:
========================================
Accept-Language: en
Accept: */*
========================================
Content of web window [TopLevelWindow[name=""]] changed
<<<<<<<<<<<<<<<<<<<< Received response from GET http://localhost:8080/processotap/documento/1 <<<<<<<<<<<<<<<<<<<<
Response was 200 'OK', headers:
========================================
Server: Apache-Coyote/1.1
Content-Type: application/json;charset=UTF-8
Transfer-Encoding: chunked
Date: Tue, 13 Dec 2011 04:27:59 GMT
========================================
Content
========================================
{"class":"processotap.Documento","id":1,"nome":"DesignPatterns","processo":{"class":"Processo","id":1}}
========================================

#

>>>>>>>>>>>>>>>>>>>> Making request to /documento using method GET >>>>>>>>>>>>>>>>>>>>
Initializing web request settings for http://localhost:8080/processotap/documento
Request parameters:
========================================
========================================
Request headers:
========================================
Accept-Language: en
Accept: */*
========================================
Content of web window [TopLevelWindow[name=""]] changed
<<<<<<<<<<<<<<<<<<<< Received response from GET http://localhost:8080/processotap/documento <<<<<<<<<<<<<<<<<<<<
Response was 200 'OK', headers:
========================================
Server: Apache-Coyote/1.1
Content-Type: application/json;charset=UTF-8
Transfer-Encoding: chunked
Date: Tue, 13 Dec 2011 04:27:59 GMT
========================================
Content
========================================
[{"class":"processotap.Documento","id":1,"nome":"DesignPatterns","processo":{"class":"Processo","id":1}}]
========================================

#

>>>>>>>>>>>>>>>>>>>> Making request to /documento/1 using method PUT >>>>>>>>>>>>>>>>>>>>
Initializing web request settings for http://localhost:8080/processotap/documento/1
Request parameters:
========================================
========================================
Request headers:
========================================
Accept-Language: en
Content-Type: text/json
Accept: */*
========================================
Content of web window [TopLevelWindow[name=""]] changed
<<<<<<<<<<<<<<<<<<<< Received response from PUT http://localhost:8080/processotap/documento/1 <<<<<<<<<<<<<<<<<<<<
Response was 200 'OK', headers:
========================================
Server: Apache-Coyote/1.1
Content-Type: application/json;charset=UTF-8
Transfer-Encoding: chunked
Date: Tue, 13 Dec 2011 04:28:00 GMT
========================================
Content
========================================
{"class":"processotap.Documento","id":1,"nome":"Joao","processo":{"class":"Processo","id":1}}
========================================

#

>>>>>>>>>>>>>>>>>>>> Making request to /processo/1 using method PUT >>>>>>>>>>>>>>>>>>>>
Initializing web request settings for http://localhost:8080/processotap/processo/1
Request parameters:
========================================
========================================
Request headers:
========================================
Accept-Language: en
Content-Type: text/json
Accept: */*
========================================
Content of web window [TopLevelWindow[name=""]] changed
<<<<<<<<<<<<<<<<<<<< Received response from PUT http://localhost:8080/processotap/processo/1 <<<<<<<<<<<<<<<<<<<<
Response was 200 'OK', headers:
========================================
Server: Apache-Coyote/1.1
Content-Type: application/json;charset=UTF-8
Transfer-Encoding: chunked
Date: Tue, 13 Dec 2011 04:28:00 GMT
========================================
Content
========================================
{"class":"processotap.Processo","id":1,"autor":"nome alterado","decisao":"procedente","descricao":"processo alterado","documentos":[{"class":"Documento","id":1}],"numero":1,"reu":"nome do reu alterado"}
========================================

#

>>>>>>>>>>>>>>>>>>>> Making request to /processo/1 using method DELETE >>>>>>>>>>>>>>>>>>>>
Initializing web request settings for http://localhost:8080/processotap/processo/1
Request parameters:
========================================
========================================
Request headers:
========================================
Accept-Language: en
Accept: */*
========================================
Content of web window [TopLevelWindow[name=""]] changed
<<<<<<<<<<<<<<<<<<<< Received response from DELETE http://localhost:8080/processotap/processo/1 <<<<<<<<<<<<<<<<<<<<
Response was 204 'No Content', headers:
========================================
Server: Apache-Coyote/1.1
Date: Tue, 13 Dec 2011 04:28:00 GMT
========================================
Content
========================================
null
========================================

#]]></system-out>
  <system-err><![CDATA[--Output from testCompleto--
]]></system-err>
</testsuite>
