<?xml version="1.0" encoding="UTF-8" ?>
<testsuite errors="0" failures="1" hostname="JotaB-PC" name="processotap.ProcessoTests" tests="2" time="2.897" timestamp="2011-12-10T05:03:30">
  <properties />
  <testcase classname="processotap.ProcessoTests" name="testProcessoCriacao" time="2.684" />
  <testcase classname="processotap.ProcessoTests" name="testProcessoGet" time="0.191">
    <failure message="functionaltestplugin.FunctionalTestException: null expected:&lt;[[]]&gt; but was:&lt;[[{&quot;class&quot;:&quot;processotap.processo&quot;,&quot;id&quot;:1,&quot;autor&quot;:&quot;georgenes&quot;,&quot;decisao&quot;:&quot;procedente&quot;,&quot;descricao&quot;:&quot;oprocessotaletal&quot;,&quot;documentos&quot;:[],&quot;numero&quot;:1,&quot;reu&quot;:&quot;joaobruno&quot;}]]&gt;" type="junit.framework.AssertionFailedError">junit.framework.AssertionFailedError: functionaltestplugin.FunctionalTestException: null expected:&lt;[[]]&gt; but was:&lt;[[{&quot;class&quot;:&quot;processotap.processo&quot;,&quot;id&quot;:1,&quot;autor&quot;:&quot;georgenes&quot;,&quot;decisao&quot;:&quot;procedente&quot;,&quot;descricao&quot;:&quot;oprocessotaletal&quot;,&quot;documentos&quot;:[],&quot;numero&quot;:1,&quot;reu&quot;:&quot;joaobruno&quot;}]]&gt;
	at functionaltestplugin.FunctionalTestCase.invokeMethod(FunctionalTestCase.groovy:196)
	at processotap.ProcessoTests.testProcessoGet(ProcessoTests.groovy:11)
</failure>
  </testcase>
  <system-out><![CDATA[--Output from testProcessoCriacao--


>>>>>>>>>>>>>>>>>>>> Making request to /processo using method POST >>>>>>>>>>>>>>>>>>>>
Initializing web request settings for http://localhost:8080/processotap/processo
Request parameters:
========================================
========================================
Request headers:
========================================
Accept-Language: en
Content-Type: text/json
Accept: */*
========================================
Content of web window [TopLevelWindow[name=""]] changed
<<<<<<<<<<<<<<<<<<<< Received response from POST http://localhost:8080/processotap/processo <<<<<<<<<<<<<<<<<<<<
Response was 201 'Created', headers:
========================================
Server: Apache-Coyote/1.1
Content-Type: application/json;charset=UTF-8
Transfer-Encoding: chunked
Date: Sat, 10 Dec 2011 05:03:32 GMT
========================================
Content
========================================
{"class":"processotap.Processo","id":1,"autor":"Georgenes","decisao":"procedente","descricao":"o processo tal e tal","documentos":null,"numero":1,"reu":"Joao Bruno"}
========================================

#--Output from testProcessoGet--


>>>>>>>>>>>>>>>>>>>> Making request to /processo using method GET >>>>>>>>>>>>>>>>>>>>
Initializing web request settings for http://localhost:8080/processotap/processo
Request parameters:
========================================
========================================
Request headers:
========================================
Accept-Language: en
Accept: */*
========================================
Content of web window [TopLevelWindow[name=""]] changed
<<<<<<<<<<<<<<<<<<<< Received response from GET http://localhost:8080/processotap/processo <<<<<<<<<<<<<<<<<<<<
Response was 200 'OK', headers:
========================================
Server: Apache-Coyote/1.1
Content-Type: application/json;charset=UTF-8
Transfer-Encoding: chunked
Date: Sat, 10 Dec 2011 05:03:32 GMT
========================================
Content
========================================
[{"class":"processotap.Processo","id":1,"autor":"Georgenes","decisao":"procedente","descricao":"o processo tal e tal","documentos":[],"numero":1,"reu":"Joao Bruno"}]
========================================

#
Failed: null expected:<[[&#x5d;&#x5d;&gt; but was:<[[{"class":"processotap.processo","id":1,"autor":"georgenes","decisao":"procedente","descricao":"oprocessotaletal","documentos":[],"numero":1,"reu":"joaobruno"}&#x5d;&#x5d;&gt;

Failed: null expected:<[[&#x5d;&#x5d;&gt; but was:<[[{"class":"processotap.processo","id":1,"autor":"georgenes","decisao":"procedente","descricao":"oprocessotaletal","documentos":[],"numero":1,"reu":"joaobruno"}&#x5d;&#x5d;&gt;
URL: http://localhost:8080/processotap/processo

]]></system-out>
  <system-err><![CDATA[--Output from testProcessoCriacao--
--Output from testProcessoGet--
]]></system-err>
</testsuite>
